<?xml version="1.0" encoding="UTF-8"?>
<testsuite xmlns:xsi="http://www.w3.org/2001/XMLSchema-instance" xsi:noNamespaceSchemaLocation="https://maven.apache.org/surefire/maven-surefire-plugin/xsd/surefire-test-report.xsd" name="com.ao.cloud.seckill.order.OrderApplicationTest" time="12.112" tests="1" errors="0" skipped="0" failures="0">
  <properties>
    <property name="sun.desktop" value="windows"/>
    <property name="awt.toolkit" value="sun.awt.windows.WToolkit"/>
    <property name="file.encoding.pkg" value="sun.io"/>
    <property name="java.specification.version" value="1.8"/>
    <property name="sun.cpu.isalist" value="amd64"/>
    <property name="sun.jnu.encoding" value="GBK"/>
    <property name="java.class.path" value="F:\IdeaProjects\Cloud-Seckill\cloud-seckill-order\target\test-classes;F:\IdeaProjects\Cloud-Seckill\cloud-seckill-order\target\classes;F:\CodePractice\Apache\maven_repository\org\springframework\boot\spring-boot-starter-web\2.1.12.RELEASE\spring-boot-starter-web-2.1.12.RELEASE.jar;F:\CodePractice\Apache\maven_repository\org\springframework\boot\spring-boot-starter-json\2.1.12.RELEASE\spring-boot-starter-json-2.1.12.RELEASE.jar;F:\CodePractice\Apache\maven_repository\com\fasterxml\jackson\core\jackson-databind\2.9.10.2\jackson-databind-2.9.10.2.jar;F:\CodePractice\Apache\maven_repository\com\fasterxml\jackson\datatype\jackson-datatype-jdk8\2.9.10\jackson-datatype-jdk8-2.9.10.jar;F:\CodePractice\Apache\maven_repository\com\fasterxml\jackson\datatype\jackson-datatype-jsr310\2.9.10\jackson-datatype-jsr310-2.9.10.jar;F:\CodePractice\Apache\maven_repository\com\fasterxml\jackson\module\jackson-module-parameter-names\2.9.10\jackson-module-parameter-names-2.9.10.jar;F:\CodePractice\Apache\maven_repository\org\springframework\boot\spring-boot-starter-tomcat\2.1.12.RELEASE\spring-boot-starter-tomcat-2.1.12.RELEASE.jar;F:\CodePractice\Apache\maven_repository\org\apache\tomcat\embed\tomcat-embed-core\9.0.30\tomcat-embed-core-9.0.30.jar;F:\CodePractice\Apache\maven_repository\org\apache\tomcat\embed\tomcat-embed-el\9.0.30\tomcat-embed-el-9.0.30.jar;F:\CodePractice\Apache\maven_repository\org\apache\tomcat\embed\tomcat-embed-websocket\9.0.30\tomcat-embed-websocket-9.0.30.jar;F:\CodePractice\Apache\maven_repository\org\hibernate\validator\hibernate-validator\6.0.18.Final\hibernate-validator-6.0.18.Final.jar;F:\CodePractice\Apache\maven_repository\javax\validation\validation-api\2.0.1.Final\validation-api-2.0.1.Final.jar;F:\CodePractice\Apache\maven_repository\org\jboss\logging\jboss-logging\3.3.3.Final\jboss-logging-3.3.3.Final.jar;F:\CodePractice\Apache\maven_repository\org\springframework\spring-web\5.1.13.RELEASE\spring-web-5.1.13.RELEASE.jar;F:\CodePractice\Apache\maven_repository\org\springframework\spring-beans\5.1.13.RELEASE\spring-beans-5.1.13.RELEASE.jar;F:\CodePractice\Apache\maven_repository\org\springframework\spring-webmvc\5.1.13.RELEASE\spring-webmvc-5.1.13.RELEASE.jar;F:\CodePractice\Apache\maven_repository\org\springframework\spring-aop\5.1.13.RELEASE\spring-aop-5.1.13.RELEASE.jar;F:\CodePractice\Apache\maven_repository\org\springframework\spring-context\5.1.13.RELEASE\spring-context-5.1.13.RELEASE.jar;F:\CodePractice\Apache\maven_repository\org\springframework\spring-expression\5.1.13.RELEASE\spring-expression-5.1.13.RELEASE.jar;F:\CodePractice\Apache\maven_repository\mysql\mysql-connector-java\8.0.19\mysql-connector-java-8.0.19.jar;F:\CodePractice\Apache\maven_repository\com\alibaba\druid\1.1.3\druid-1.1.3.jar;C:\Program Files\Java\jdk1.8.0_241\jre\..\lib\jconsole.jar;C:\Program Files\Java\jdk1.8.0_241\jre\..\lib\tools.jar;F:\CodePractice\Apache\maven_repository\org\springframework\boot\spring-boot-starter-data-redis\2.1.12.RELEASE\spring-boot-starter-data-redis-2.1.12.RELEASE.jar;F:\CodePractice\Apache\maven_repository\org\springframework\data\spring-data-redis\2.1.15.RELEASE\spring-data-redis-2.1.15.RELEASE.jar;F:\CodePractice\Apache\maven_repository\org\springframework\data\spring-data-keyvalue\2.1.15.RELEASE\spring-data-keyvalue-2.1.15.RELEASE.jar;F:\CodePractice\Apache\maven_repository\org\springframework\data\spring-data-commons\2.1.15.RELEASE\spring-data-commons-2.1.15.RELEASE.jar;F:\CodePractice\Apache\maven_repository\org\springframework\spring-tx\5.1.13.RELEASE\spring-tx-5.1.13.RELEASE.jar;F:\CodePractice\Apache\maven_repository\org\springframework\spring-oxm\5.1.13.RELEASE\spring-oxm-5.1.13.RELEASE.jar;F:\CodePractice\Apache\maven_repository\org\springframework\spring-context-support\5.1.13.RELEASE\spring-context-support-5.1.13.RELEASE.jar;F:\CodePractice\Apache\maven_repository\io\lettuce\lettuce-core\5.1.8.RELEASE\lettuce-core-5.1.8.RELEASE.jar;F:\CodePractice\Apache\maven_repository\io\netty\netty-common\4.1.45.Final\netty-common-4.1.45.Final.jar;F:\CodePractice\Apache\maven_repository\io\netty\netty-handler\4.1.45.Final\netty-handler-4.1.45.Final.jar;F:\CodePractice\Apache\maven_repository\io\netty\netty-buffer\4.1.45.Final\netty-buffer-4.1.45.Final.jar;F:\CodePractice\Apache\maven_repository\io\netty\netty-codec\4.1.45.Final\netty-codec-4.1.45.Final.jar;F:\CodePractice\Apache\maven_repository\io\netty\netty-transport\4.1.45.Final\netty-transport-4.1.45.Final.jar;F:\CodePractice\Apache\maven_repository\io\netty\netty-resolver\4.1.45.Final\netty-resolver-4.1.45.Final.jar;F:\CodePractice\Apache\maven_repository\io\projectreactor\reactor-core\3.2.14.RELEASE\reactor-core-3.2.14.RELEASE.jar;F:\CodePractice\Apache\maven_repository\org\reactivestreams\reactive-streams\1.0.3\reactive-streams-1.0.3.jar;F:\CodePractice\Apache\maven_repository\org\springframework\session\spring-session-data-redis\2.1.9.RELEASE\spring-session-data-redis-2.1.9.RELEASE.jar;F:\CodePractice\Apache\maven_repository\org\springframework\session\spring-session-core\2.1.9.RELEASE\spring-session-core-2.1.9.RELEASE.jar;F:\CodePractice\Apache\maven_repository\org\springframework\spring-jcl\5.1.13.RELEASE\spring-jcl-5.1.13.RELEASE.jar;F:\CodePractice\Apache\maven_repository\org\mybatis\spring\boot\mybatis-spring-boot-starter\2.1.1\mybatis-spring-boot-starter-2.1.1.jar;F:\CodePractice\Apache\maven_repository\org\springframework\boot\spring-boot-starter-jdbc\2.1.12.RELEASE\spring-boot-starter-jdbc-2.1.12.RELEASE.jar;F:\CodePractice\Apache\maven_repository\com\zaxxer\HikariCP\3.2.0\HikariCP-3.2.0.jar;F:\CodePractice\Apache\maven_repository\org\springframework\spring-jdbc\5.1.13.RELEASE\spring-jdbc-5.1.13.RELEASE.jar;F:\CodePractice\Apache\maven_repository\org\mybatis\spring\boot\mybatis-spring-boot-autoconfigure\2.1.1\mybatis-spring-boot-autoconfigure-2.1.1.jar;F:\CodePractice\Apache\maven_repository\org\mybatis\mybatis\3.5.3\mybatis-3.5.3.jar;F:\CodePractice\Apache\maven_repository\org\mybatis\mybatis-spring\2.0.3\mybatis-spring-2.0.3.jar;F:\CodePractice\Apache\maven_repository\org\springframework\cloud\spring-cloud-starter-netflix-eureka-client\2.1.5.RELEASE\spring-cloud-starter-netflix-eureka-client-2.1.5.RELEASE.jar;F:\CodePractice\Apache\maven_repository\org\springframework\cloud\spring-cloud-starter\2.1.5.RELEASE\spring-cloud-starter-2.1.5.RELEASE.jar;F:\CodePractice\Apache\maven_repository\org\springframework\cloud\spring-cloud-context\2.1.5.RELEASE\spring-cloud-context-2.1.5.RELEASE.jar;F:\CodePractice\Apache\maven_repository\org\springframework\security\spring-security-rsa\1.0.9.RELEASE\spring-security-rsa-1.0.9.RELEASE.jar;F:\CodePractice\Apache\maven_repository\org\bouncycastle\bcpkix-jdk15on\1.64\bcpkix-jdk15on-1.64.jar;F:\CodePractice\Apache\maven_repository\org\bouncycastle\bcprov-jdk15on\1.64\bcprov-jdk15on-1.64.jar;F:\CodePractice\Apache\maven_repository\org\springframework\cloud\spring-cloud-netflix-hystrix\2.1.5.RELEASE\spring-cloud-netflix-hystrix-2.1.5.RELEASE.jar;F:\CodePractice\Apache\maven_repository\org\springframework\boot\spring-boot-starter-aop\2.1.12.RELEASE\spring-boot-starter-aop-2.1.12.RELEASE.jar;F:\CodePractice\Apache\maven_repository\org\aspectj\aspectjweaver\1.9.5\aspectjweaver-1.9.5.jar;F:\CodePractice\Apache\maven_repository\org\springframework\cloud\spring-cloud-netflix-eureka-client\2.1.5.RELEASE\spring-cloud-netflix-eureka-client-2.1.5.RELEASE.jar;F:\CodePractice\Apache\maven_repository\com\netflix\eureka\eureka-client\1.9.13\eureka-client-1.9.13.jar;F:\CodePractice\Apache\maven_repository\org\codehaus\jettison\jettison\1.3.7\jettison-1.3.7.jar;F:\CodePractice\Apache\maven_repository\stax\stax-api\1.0.1\stax-api-1.0.1.jar;F:\CodePractice\Apache\maven_repository\com\netflix\netflix-commons\netflix-eventbus\0.3.0\netflix-eventbus-0.3.0.jar;F:\CodePractice\Apache\maven_repository\com\netflix\netflix-commons\netflix-infix\0.3.0\netflix-infix-0.3.0.jar;F:\CodePractice\Apache\maven_repository\commons-jxpath\commons-jxpath\1.3\commons-jxpath-1.3.jar;F:\CodePractice\Apache\maven_repository\org\antlr\antlr-runtime\3.4\antlr-runtime-3.4.jar;F:\CodePractice\Apache\maven_repository\org\antlr\stringtemplate\3.2.1\stringtemplate-3.2.1.jar;F:\CodePractice\Apache\maven_repository\antlr\antlr\2.7.7\antlr-2.7.7.jar;F:\CodePractice\Apache\maven_repository\com\google\code\gson\gson\2.8.6\gson-2.8.6.jar;F:\CodePractice\Apache\maven_repository\org\apache\commons\commons-math\2.2\commons-math-2.2.jar;F:\CodePractice\Apache\maven_repository\com\netflix\archaius\archaius-core\0.7.6\archaius-core-0.7.6.jar;F:\CodePractice\Apache\maven_repository\javax\ws\rs\jsr311-api\1.1.1\jsr311-api-1.1.1.jar;F:\CodePractice\Apache\maven_repository\com\netflix\servo\servo-core\0.12.21\servo-core-0.12.21.jar;F:\CodePractice\Apache\maven_repository\com\sun\jersey\jersey-core\1.19.1\jersey-core-1.19.1.jar;F:\CodePractice\Apache\maven_repository\com\sun\jersey\jersey-client\1.19.1\jersey-client-1.19.1.jar;F:\CodePractice\Apache\maven_repository\com\sun\jersey\contribs\jersey-apache-client4\1.19.1\jersey-apache-client4-1.19.1.jar;F:\CodePractice\Apache\maven_repository\org\apache\httpcomponents\httpclient\4.5.10\httpclient-4.5.10.jar;F:\CodePractice\Apache\maven_repository\org\apache\httpcomponents\httpcore\4.4.13\httpcore-4.4.13.jar;F:\CodePractice\Apache\maven_repository\commons-codec\commons-codec\1.11\commons-codec-1.11.jar;F:\CodePractice\Apache\maven_repository\com\google\inject\guice\4.1.0\guice-4.1.0.jar;F:\CodePractice\Apache\maven_repository\javax\inject\javax.inject\1\javax.inject-1.jar;F:\CodePractice\Apache\maven_repository\aopalliance\aopalliance\1.0\aopalliance-1.0.jar;F:\CodePractice\Apache\maven_repository\com\fasterxml\jackson\core\jackson-annotations\2.9.10\jackson-annotations-2.9.10.jar;F:\CodePractice\Apache\maven_repository\com\fasterxml\jackson\core\jackson-core\2.9.10\jackson-core-2.9.10.jar;F:\CodePractice\Apache\maven_repository\com\netflix\eureka\eureka-core\1.9.13\eureka-core-1.9.13.jar;F:\CodePractice\Apache\maven_repository\com\fasterxml\woodstox\woodstox-core\5.0.3\woodstox-core-5.0.3.jar;F:\CodePractice\Apache\maven_repository\org\codehaus\woodstox\stax2-api\3.1.4\stax2-api-3.1.4.jar;F:\CodePractice\Apache\maven_repository\org\springframework\cloud\spring-cloud-starter-netflix-archaius\2.1.5.RELEASE\spring-cloud-starter-netflix-archaius-2.1.5.RELEASE.jar;F:\CodePractice\Apache\maven_repository\org\springframework\cloud\spring-cloud-netflix-ribbon\2.1.5.RELEASE\spring-cloud-netflix-ribbon-2.1.5.RELEASE.jar;F:\CodePractice\Apache\maven_repository\org\springframework\cloud\spring-cloud-netflix-archaius\2.1.5.RELEASE\spring-cloud-netflix-archaius-2.1.5.RELEASE.jar;F:\CodePractice\Apache\maven_repository\commons-configuration\commons-configuration\1.8\commons-configuration-1.8.jar;F:\CodePractice\Apache\maven_repository\commons-lang\commons-lang\2.6\commons-lang-2.6.jar;F:\CodePractice\Apache\maven_repository\org\springframework\cloud\spring-cloud-starter-netflix-ribbon\2.1.5.RELEASE\spring-cloud-starter-netflix-ribbon-2.1.5.RELEASE.jar;F:\CodePractice\Apache\maven_repository\com\netflix\ribbon\ribbon\2.3.0\ribbon-2.3.0.jar;F:\CodePractice\Apache\maven_repository\com\netflix\ribbon\ribbon-transport\2.3.0\ribbon-transport-2.3.0.jar;F:\CodePractice\Apache\maven_repository\io\reactivex\rxnetty-contexts\0.4.9\rxnetty-contexts-0.4.9.jar;F:\CodePractice\Apache\maven_repository\io\reactivex\rxnetty-servo\0.4.9\rxnetty-servo-0.4.9.jar;F:\CodePractice\Apache\maven_repository\io\reactivex\rxnetty\0.4.9\rxnetty-0.4.9.jar;F:\CodePractice\Apache\maven_repository\com\netflix\ribbon\ribbon-core\2.3.0\ribbon-core-2.3.0.jar;F:\CodePractice\Apache\maven_repository\com\netflix\ribbon\ribbon-httpclient\2.3.0\ribbon-httpclient-2.3.0.jar;F:\CodePractice\Apache\maven_repository\commons-collections\commons-collections\3.2.2\commons-collections-3.2.2.jar;F:\CodePractice\Apache\maven_repository\com\netflix\netflix-commons\netflix-commons-util\0.3.0\netflix-commons-util-0.3.0.jar;F:\CodePractice\Apache\maven_repository\com\netflix\ribbon\ribbon-loadbalancer\2.3.0\ribbon-loadbalancer-2.3.0.jar;F:\CodePractice\Apache\maven_repository\com\netflix\netflix-commons\netflix-statistics\0.1.1\netflix-statistics-0.1.1.jar;F:\CodePractice\Apache\maven_repository\io\reactivex\rxjava\1.3.8\rxjava-1.3.8.jar;F:\CodePractice\Apache\maven_repository\com\netflix\ribbon\ribbon-eureka\2.3.0\ribbon-eureka-2.3.0.jar;F:\CodePractice\Apache\maven_repository\com\thoughtworks\xstream\xstream\1.4.11.1\xstream-1.4.11.1.jar;F:\CodePractice\Apache\maven_repository\xmlpull\xmlpull\1.1.3.1\xmlpull-1.1.3.1.jar;F:\CodePractice\Apache\maven_repository\xpp3\xpp3_min\1.1.4c\xpp3_min-1.1.4c.jar;F:\CodePractice\Apache\maven_repository\org\springframework\cloud\spring-cloud-starter-openfeign\2.1.5.RELEASE\spring-cloud-starter-openfeign-2.1.5.RELEASE.jar;F:\CodePractice\Apache\maven_repository\org\springframework\cloud\spring-cloud-openfeign-core\2.1.5.RELEASE\spring-cloud-openfeign-core-2.1.5.RELEASE.jar;F:\CodePractice\Apache\maven_repository\io\github\openfeign\form\feign-form-spring\3.8.0\feign-form-spring-3.8.0.jar;F:\CodePractice\Apache\maven_repository\io\github\openfeign\form\feign-form\3.8.0\feign-form-3.8.0.jar;F:\CodePractice\Apache\maven_repository\commons-fileupload\commons-fileupload\1.4\commons-fileupload-1.4.jar;F:\CodePractice\Apache\maven_repository\commons-io\commons-io\2.2\commons-io-2.2.jar;F:\CodePractice\Apache\maven_repository\org\springframework\cloud\spring-cloud-commons\2.1.5.RELEASE\spring-cloud-commons-2.1.5.RELEASE.jar;F:\CodePractice\Apache\maven_repository\org\springframework\security\spring-security-crypto\5.1.7.RELEASE\spring-security-crypto-5.1.7.RELEASE.jar;F:\CodePractice\Apache\maven_repository\io\github\openfeign\feign-core\10.4.0\feign-core-10.4.0.jar;F:\CodePractice\Apache\maven_repository\io\github\openfeign\feign-slf4j\10.4.0\feign-slf4j-10.4.0.jar;F:\CodePractice\Apache\maven_repository\io\github\openfeign\feign-hystrix\10.4.0\feign-hystrix-10.4.0.jar;F:\CodePractice\Apache\maven_repository\com\netflix\hystrix\hystrix-core\1.5.18\hystrix-core-1.5.18.jar;F:\CodePractice\Apache\maven_repository\org\hdrhistogram\HdrHistogram\2.1.9\HdrHistogram-2.1.9.jar;F:\CodePractice\Apache\maven_repository\com\google\guava\guava\28.2-jre\guava-28.2-jre.jar;F:\CodePractice\Apache\maven_repository\com\google\guava\failureaccess\1.0.1\failureaccess-1.0.1.jar;F:\CodePractice\Apache\maven_repository\com\google\guava\listenablefuture\9999.0-empty-to-avoid-conflict-with-guava\listenablefuture-9999.0-empty-to-avoid-conflict-with-guava.jar;F:\CodePractice\Apache\maven_repository\com\google\code\findbugs\jsr305\3.0.2\jsr305-3.0.2.jar;F:\CodePractice\Apache\maven_repository\org\checkerframework\checker-qual\2.10.0\checker-qual-2.10.0.jar;F:\CodePractice\Apache\maven_repository\com\google\errorprone\error_prone_annotations\2.3.4\error_prone_annotations-2.3.4.jar;F:\CodePractice\Apache\maven_repository\com\google\j2objc\j2objc-annotations\1.3\j2objc-annotations-1.3.jar;F:\CodePractice\Apache\maven_repository\org\apache\rocketmq\rocketmq-client\4.4.0\rocketmq-client-4.4.0.jar;F:\CodePractice\Apache\maven_repository\org\apache\rocketmq\rocketmq-common\4.4.0\rocketmq-common-4.4.0.jar;F:\CodePractice\Apache\maven_repository\org\apache\rocketmq\rocketmq-remoting\4.4.0\rocketmq-remoting-4.4.0.jar;F:\CodePractice\Apache\maven_repository\com\alibaba\fastjson\1.2.51\fastjson-1.2.51.jar;F:\CodePractice\Apache\maven_repository\io\netty\netty-all\4.1.45.Final\netty-all-4.1.45.Final.jar;F:\CodePractice\Apache\maven_repository\org\apache\rocketmq\rocketmq-logging\4.4.0\rocketmq-logging-4.4.0.jar;F:\CodePractice\Apache\maven_repository\io\netty\netty-tcnative-boringssl-static\2.0.28.Final\netty-tcnative-boringssl-static-2.0.28.Final.jar;F:\CodePractice\Apache\maven_repository\org\apache\commons\commons-lang3\3.8.1\commons-lang3-3.8.1.jar;F:\CodePractice\Apache\maven_repository\org\junit\jupiter\junit-jupiter\5.8.2\junit-jupiter-5.8.2.jar;F:\CodePractice\Apache\maven_repository\org\junit\jupiter\junit-jupiter-api\5.3.2\junit-jupiter-api-5.3.2.jar;F:\CodePractice\Apache\maven_repository\org\apiguardian\apiguardian-api\1.0.0\apiguardian-api-1.0.0.jar;F:\CodePractice\Apache\maven_repository\org\opentest4j\opentest4j\1.1.1\opentest4j-1.1.1.jar;F:\CodePractice\Apache\maven_repository\org\junit\platform\junit-platform-commons\1.3.2\junit-platform-commons-1.3.2.jar;F:\CodePractice\Apache\maven_repository\org\junit\jupiter\junit-jupiter-params\5.3.2\junit-jupiter-params-5.3.2.jar;F:\CodePractice\Apache\maven_repository\org\junit\jupiter\junit-jupiter-engine\5.3.2\junit-jupiter-engine-5.3.2.jar;F:\CodePractice\Apache\maven_repository\org\junit\platform\junit-platform-engine\1.3.2\junit-platform-engine-1.3.2.jar;F:\IdeaProjects\Cloud-Seckill\cloud-seckill-common\target\cloud-seckill-common-0.0.1-SNAPSHOT.jar;F:\CodePractice\Apache\maven_repository\com\google\zxing\core\3.3.0\core-3.3.0.jar;F:\CodePractice\Apache\maven_repository\com\google\zxing\javase\3.3.0\javase-3.3.0.jar;F:\CodePractice\Apache\maven_repository\com\beust\jcommander\1.48\jcommander-1.48.jar;F:\CodePractice\Apache\maven_repository\com\github\jai-imageio\jai-imageio-core\1.3.1\jai-imageio-core-1.3.1.jar;F:\CodePractice\Apache\maven_repository\org\hibernate\hibernate-validator\5.2.4.Final\hibernate-validator-5.2.4.Final.jar;F:\CodePractice\Apache\maven_repository\joda-time\joda-time\2.10.5\joda-time-2.10.5.jar;F:\CodePractice\Apache\maven_repository\io\springfox\springfox-swagger2\2.9.2\springfox-swagger2-2.9.2.jar;F:\CodePractice\Apache\maven_repository\io\swagger\swagger-annotations\1.5.20\swagger-annotations-1.5.20.jar;F:\CodePractice\Apache\maven_repository\io\swagger\swagger-models\1.5.20\swagger-models-1.5.20.jar;F:\CodePractice\Apache\maven_repository\io\springfox\springfox-spi\2.9.2\springfox-spi-2.9.2.jar;F:\CodePractice\Apache\maven_repository\io\springfox\springfox-core\2.9.2\springfox-core-2.9.2.jar;F:\CodePractice\Apache\maven_repository\io\springfox\springfox-schema\2.9.2\springfox-schema-2.9.2.jar;F:\CodePractice\Apache\maven_repository\io\springfox\springfox-swagger-common\2.9.2\springfox-swagger-common-2.9.2.jar;F:\CodePractice\Apache\maven_repository\io\springfox\springfox-spring-web\2.9.2\springfox-spring-web-2.9.2.jar;F:\CodePractice\Apache\maven_repository\com\fasterxml\classmate\1.4.0\classmate-1.4.0.jar;F:\CodePractice\Apache\maven_repository\org\slf4j\slf4j-api\1.7.30\slf4j-api-1.7.30.jar;F:\CodePractice\Apache\maven_repository\org\springframework\plugin\spring-plugin-core\1.2.0.RELEASE\spring-plugin-core-1.2.0.RELEASE.jar;F:\CodePractice\Apache\maven_repository\org\springframework\plugin\spring-plugin-metadata\1.2.0.RELEASE\spring-plugin-metadata-1.2.0.RELEASE.jar;F:\CodePractice\Apache\maven_repository\org\mapstruct\mapstruct\1.2.0.Final\mapstruct-1.2.0.Final.jar;F:\CodePractice\Apache\maven_repository\io\springfox\springfox-swagger-ui\2.9.2\springfox-swagger-ui-2.9.2.jar;F:\CodePractice\Apache\maven_repository\org\springframework\boot\spring-boot-starter\2.1.12.RELEASE\spring-boot-starter-2.1.12.RELEASE.jar;F:\CodePractice\Apache\maven_repository\org\springframework\boot\spring-boot\2.1.12.RELEASE\spring-boot-2.1.12.RELEASE.jar;F:\CodePractice\Apache\maven_repository\org\springframework\boot\spring-boot-autoconfigure\2.1.12.RELEASE\spring-boot-autoconfigure-2.1.12.RELEASE.jar;F:\CodePractice\Apache\maven_repository\org\springframework\boot\spring-boot-starter-logging\2.1.12.RELEASE\spring-boot-starter-logging-2.1.12.RELEASE.jar;F:\CodePractice\Apache\maven_repository\ch\qos\logback\logback-classic\1.2.3\logback-classic-1.2.3.jar;F:\CodePractice\Apache\maven_repository\ch\qos\logback\logback-core\1.2.3\logback-core-1.2.3.jar;F:\CodePractice\Apache\maven_repository\org\apache\logging\log4j\log4j-to-slf4j\2.11.2\log4j-to-slf4j-2.11.2.jar;F:\CodePractice\Apache\maven_repository\org\apache\logging\log4j\log4j-api\2.11.2\log4j-api-2.11.2.jar;F:\CodePractice\Apache\maven_repository\org\slf4j\jul-to-slf4j\1.7.30\jul-to-slf4j-1.7.30.jar;F:\CodePractice\Apache\maven_repository\javax\annotation\javax.annotation-api\1.3.2\javax.annotation-api-1.3.2.jar;F:\CodePractice\Apache\maven_repository\org\springframework\spring-core\5.1.13.RELEASE\spring-core-5.1.13.RELEASE.jar;F:\CodePractice\Apache\maven_repository\org\yaml\snakeyaml\1.23\snakeyaml-1.23.jar;F:\CodePractice\Apache\maven_repository\org\projectlombok\lombok\1.18.10\lombok-1.18.10.jar;F:\CodePractice\Apache\maven_repository\org\springframework\boot\spring-boot-starter-test\2.1.12.RELEASE\spring-boot-starter-test-2.1.12.RELEASE.jar;F:\CodePractice\Apache\maven_repository\org\springframework\boot\spring-boot-test\2.1.12.RELEASE\spring-boot-test-2.1.12.RELEASE.jar;F:\CodePractice\Apache\maven_repository\org\springframework\boot\spring-boot-test-autoconfigure\2.1.12.RELEASE\spring-boot-test-autoconfigure-2.1.12.RELEASE.jar;F:\CodePractice\Apache\maven_repository\com\jayway\jsonpath\json-path\2.4.0\json-path-2.4.0.jar;F:\CodePractice\Apache\maven_repository\net\minidev\json-smart\2.3\json-smart-2.3.jar;F:\CodePractice\Apache\maven_repository\net\minidev\accessors-smart\1.2\accessors-smart-1.2.jar;F:\CodePractice\Apache\maven_repository\org\ow2\asm\asm\5.0.4\asm-5.0.4.jar;F:\CodePractice\Apache\maven_repository\junit\junit\4.12\junit-4.12.jar;F:\CodePractice\Apache\maven_repository\org\assertj\assertj-core\3.11.1\assertj-core-3.11.1.jar;F:\CodePractice\Apache\maven_repository\org\mockito\mockito-core\2.23.4\mockito-core-2.23.4.jar;F:\CodePractice\Apache\maven_repository\net\bytebuddy\byte-buddy\1.9.16\byte-buddy-1.9.16.jar;F:\CodePractice\Apache\maven_repository\net\bytebuddy\byte-buddy-agent\1.9.16\byte-buddy-agent-1.9.16.jar;F:\CodePractice\Apache\maven_repository\org\objenesis\objenesis\2.6\objenesis-2.6.jar;F:\CodePractice\Apache\maven_repository\org\hamcrest\hamcrest-core\1.3\hamcrest-core-1.3.jar;F:\CodePractice\Apache\maven_repository\org\hamcrest\hamcrest-library\1.3\hamcrest-library-1.3.jar;F:\CodePractice\Apache\maven_repository\org\skyscreamer\jsonassert\1.5.0\jsonassert-1.5.0.jar;F:\CodePractice\Apache\maven_repository\com\vaadin\external\google\android-json\0.0.20131108.vaadin1\android-json-0.0.20131108.vaadin1.jar;F:\CodePractice\Apache\maven_repository\org\springframework\spring-test\5.1.13.RELEASE\spring-test-5.1.13.RELEASE.jar;F:\CodePractice\Apache\maven_repository\org\xmlunit\xmlunit-core\2.6.3\xmlunit-core-2.6.3.jar;"/>
    <property name="java.vm.vendor" value="Oracle Corporation"/>
    <property name="sun.arch.data.model" value="64"/>
    <property name="user.variant" value=""/>
    <property name="java.vendor.url" value="http://java.oracle.com/"/>
    <property name="user.timezone" value="Asia/Shanghai"/>
    <property name="java.vm.specification.version" value="1.8"/>
    <property name="os.name" value="Windows 10"/>
    <property name="user.country" value="CN"/>
    <property name="sun.java.launcher" value="SUN_STANDARD"/>
    <property name="sun.boot.library.path" value="C:\Program Files\Java\jdk1.8.0_241\jre\bin"/>
    <property name="sun.java.command" value="C:\Users\PC\AppData\Local\Temp\surefire6706883982558944734\surefirebooter6934674691869406334.jar C:\Users\PC\AppData\Local\Temp\surefire6706883982558944734 2022-02-21T11-22-58_365-jvmRun1 surefire5433345550297189160tmp surefire_07051697473105247511tmp"/>
    <property name="surefire.test.class.path" value="F:\IdeaProjects\Cloud-Seckill\cloud-seckill-order\target\test-classes;F:\IdeaProjects\Cloud-Seckill\cloud-seckill-order\target\classes;F:\CodePractice\Apache\maven_repository\org\springframework\boot\spring-boot-starter-web\2.1.12.RELEASE\spring-boot-starter-web-2.1.12.RELEASE.jar;F:\CodePractice\Apache\maven_repository\org\springframework\boot\spring-boot-starter-json\2.1.12.RELEASE\spring-boot-starter-json-2.1.12.RELEASE.jar;F:\CodePractice\Apache\maven_repository\com\fasterxml\jackson\core\jackson-databind\2.9.10.2\jackson-databind-2.9.10.2.jar;F:\CodePractice\Apache\maven_repository\com\fasterxml\jackson\datatype\jackson-datatype-jdk8\2.9.10\jackson-datatype-jdk8-2.9.10.jar;F:\CodePractice\Apache\maven_repository\com\fasterxml\jackson\datatype\jackson-datatype-jsr310\2.9.10\jackson-datatype-jsr310-2.9.10.jar;F:\CodePractice\Apache\maven_repository\com\fasterxml\jackson\module\jackson-module-parameter-names\2.9.10\jackson-module-parameter-names-2.9.10.jar;F:\CodePractice\Apache\maven_repository\org\springframework\boot\spring-boot-starter-tomcat\2.1.12.RELEASE\spring-boot-starter-tomcat-2.1.12.RELEASE.jar;F:\CodePractice\Apache\maven_repository\org\apache\tomcat\embed\tomcat-embed-core\9.0.30\tomcat-embed-core-9.0.30.jar;F:\CodePractice\Apache\maven_repository\org\apache\tomcat\embed\tomcat-embed-el\9.0.30\tomcat-embed-el-9.0.30.jar;F:\CodePractice\Apache\maven_repository\org\apache\tomcat\embed\tomcat-embed-websocket\9.0.30\tomcat-embed-websocket-9.0.30.jar;F:\CodePractice\Apache\maven_repository\org\hibernate\validator\hibernate-validator\6.0.18.Final\hibernate-validator-6.0.18.Final.jar;F:\CodePractice\Apache\maven_repository\javax\validation\validation-api\2.0.1.Final\validation-api-2.0.1.Final.jar;F:\CodePractice\Apache\maven_repository\org\jboss\logging\jboss-logging\3.3.3.Final\jboss-logging-3.3.3.Final.jar;F:\CodePractice\Apache\maven_repository\org\springframework\spring-web\5.1.13.RELEASE\spring-web-5.1.13.RELEASE.jar;F:\CodePractice\Apache\maven_repository\org\springframework\spring-beans\5.1.13.RELEASE\spring-beans-5.1.13.RELEASE.jar;F:\CodePractice\Apache\maven_repository\org\springframework\spring-webmvc\5.1.13.RELEASE\spring-webmvc-5.1.13.RELEASE.jar;F:\CodePractice\Apache\maven_repository\org\springframework\spring-aop\5.1.13.RELEASE\spring-aop-5.1.13.RELEASE.jar;F:\CodePractice\Apache\maven_repository\org\springframework\spring-context\5.1.13.RELEASE\spring-context-5.1.13.RELEASE.jar;F:\CodePractice\Apache\maven_repository\org\springframework\spring-expression\5.1.13.RELEASE\spring-expression-5.1.13.RELEASE.jar;F:\CodePractice\Apache\maven_repository\mysql\mysql-connector-java\8.0.19\mysql-connector-java-8.0.19.jar;F:\CodePractice\Apache\maven_repository\com\alibaba\druid\1.1.3\druid-1.1.3.jar;C:\Program Files\Java\jdk1.8.0_241\jre\..\lib\jconsole.jar;C:\Program Files\Java\jdk1.8.0_241\jre\..\lib\tools.jar;F:\CodePractice\Apache\maven_repository\org\springframework\boot\spring-boot-starter-data-redis\2.1.12.RELEASE\spring-boot-starter-data-redis-2.1.12.RELEASE.jar;F:\CodePractice\Apache\maven_repository\org\springframework\data\spring-data-redis\2.1.15.RELEASE\spring-data-redis-2.1.15.RELEASE.jar;F:\CodePractice\Apache\maven_repository\org\springframework\data\spring-data-keyvalue\2.1.15.RELEASE\spring-data-keyvalue-2.1.15.RELEASE.jar;F:\CodePractice\Apache\maven_repository\org\springframework\data\spring-data-commons\2.1.15.RELEASE\spring-data-commons-2.1.15.RELEASE.jar;F:\CodePractice\Apache\maven_repository\org\springframework\spring-tx\5.1.13.RELEASE\spring-tx-5.1.13.RELEASE.jar;F:\CodePractice\Apache\maven_repository\org\springframework\spring-oxm\5.1.13.RELEASE\spring-oxm-5.1.13.RELEASE.jar;F:\CodePractice\Apache\maven_repository\org\springframework\spring-context-support\5.1.13.RELEASE\spring-context-support-5.1.13.RELEASE.jar;F:\CodePractice\Apache\maven_repository\io\lettuce\lettuce-core\5.1.8.RELEASE\lettuce-core-5.1.8.RELEASE.jar;F:\CodePractice\Apache\maven_repository\io\netty\netty-common\4.1.45.Final\netty-common-4.1.45.Final.jar;F:\CodePractice\Apache\maven_repository\io\netty\netty-handler\4.1.45.Final\netty-handler-4.1.45.Final.jar;F:\CodePractice\Apache\maven_repository\io\netty\netty-buffer\4.1.45.Final\netty-buffer-4.1.45.Final.jar;F:\CodePractice\Apache\maven_repository\io\netty\netty-codec\4.1.45.Final\netty-codec-4.1.45.Final.jar;F:\CodePractice\Apache\maven_repository\io\netty\netty-transport\4.1.45.Final\netty-transport-4.1.45.Final.jar;F:\CodePractice\Apache\maven_repository\io\netty\netty-resolver\4.1.45.Final\netty-resolver-4.1.45.Final.jar;F:\CodePractice\Apache\maven_repository\io\projectreactor\reactor-core\3.2.14.RELEASE\reactor-core-3.2.14.RELEASE.jar;F:\CodePractice\Apache\maven_repository\org\reactivestreams\reactive-streams\1.0.3\reactive-streams-1.0.3.jar;F:\CodePractice\Apache\maven_repository\org\springframework\session\spring-session-data-redis\2.1.9.RELEASE\spring-session-data-redis-2.1.9.RELEASE.jar;F:\CodePractice\Apache\maven_repository\org\springframework\session\spring-session-core\2.1.9.RELEASE\spring-session-core-2.1.9.RELEASE.jar;F:\CodePractice\Apache\maven_repository\org\springframework\spring-jcl\5.1.13.RELEASE\spring-jcl-5.1.13.RELEASE.jar;F:\CodePractice\Apache\maven_repository\org\mybatis\spring\boot\mybatis-spring-boot-starter\2.1.1\mybatis-spring-boot-starter-2.1.1.jar;F:\CodePractice\Apache\maven_repository\org\springframework\boot\spring-boot-starter-jdbc\2.1.12.RELEASE\spring-boot-starter-jdbc-2.1.12.RELEASE.jar;F:\CodePractice\Apache\maven_repository\com\zaxxer\HikariCP\3.2.0\HikariCP-3.2.0.jar;F:\CodePractice\Apache\maven_repository\org\springframework\spring-jdbc\5.1.13.RELEASE\spring-jdbc-5.1.13.RELEASE.jar;F:\CodePractice\Apache\maven_repository\org\mybatis\spring\boot\mybatis-spring-boot-autoconfigure\2.1.1\mybatis-spring-boot-autoconfigure-2.1.1.jar;F:\CodePractice\Apache\maven_repository\org\mybatis\mybatis\3.5.3\mybatis-3.5.3.jar;F:\CodePractice\Apache\maven_repository\org\mybatis\mybatis-spring\2.0.3\mybatis-spring-2.0.3.jar;F:\CodePractice\Apache\maven_repository\org\springframework\cloud\spring-cloud-starter-netflix-eureka-client\2.1.5.RELEASE\spring-cloud-starter-netflix-eureka-client-2.1.5.RELEASE.jar;F:\CodePractice\Apache\maven_repository\org\springframework\cloud\spring-cloud-starter\2.1.5.RELEASE\spring-cloud-starter-2.1.5.RELEASE.jar;F:\CodePractice\Apache\maven_repository\org\springframework\cloud\spring-cloud-context\2.1.5.RELEASE\spring-cloud-context-2.1.5.RELEASE.jar;F:\CodePractice\Apache\maven_repository\org\springframework\security\spring-security-rsa\1.0.9.RELEASE\spring-security-rsa-1.0.9.RELEASE.jar;F:\CodePractice\Apache\maven_repository\org\bouncycastle\bcpkix-jdk15on\1.64\bcpkix-jdk15on-1.64.jar;F:\CodePractice\Apache\maven_repository\org\bouncycastle\bcprov-jdk15on\1.64\bcprov-jdk15on-1.64.jar;F:\CodePractice\Apache\maven_repository\org\springframework\cloud\spring-cloud-netflix-hystrix\2.1.5.RELEASE\spring-cloud-netflix-hystrix-2.1.5.RELEASE.jar;F:\CodePractice\Apache\maven_repository\org\springframework\boot\spring-boot-starter-aop\2.1.12.RELEASE\spring-boot-starter-aop-2.1.12.RELEASE.jar;F:\CodePractice\Apache\maven_repository\org\aspectj\aspectjweaver\1.9.5\aspectjweaver-1.9.5.jar;F:\CodePractice\Apache\maven_repository\org\springframework\cloud\spring-cloud-netflix-eureka-client\2.1.5.RELEASE\spring-cloud-netflix-eureka-client-2.1.5.RELEASE.jar;F:\CodePractice\Apache\maven_repository\com\netflix\eureka\eureka-client\1.9.13\eureka-client-1.9.13.jar;F:\CodePractice\Apache\maven_repository\org\codehaus\jettison\jettison\1.3.7\jettison-1.3.7.jar;F:\CodePractice\Apache\maven_repository\stax\stax-api\1.0.1\stax-api-1.0.1.jar;F:\CodePractice\Apache\maven_repository\com\netflix\netflix-commons\netflix-eventbus\0.3.0\netflix-eventbus-0.3.0.jar;F:\CodePractice\Apache\maven_repository\com\netflix\netflix-commons\netflix-infix\0.3.0\netflix-infix-0.3.0.jar;F:\CodePractice\Apache\maven_repository\commons-jxpath\commons-jxpath\1.3\commons-jxpath-1.3.jar;F:\CodePractice\Apache\maven_repository\org\antlr\antlr-runtime\3.4\antlr-runtime-3.4.jar;F:\CodePractice\Apache\maven_repository\org\antlr\stringtemplate\3.2.1\stringtemplate-3.2.1.jar;F:\CodePractice\Apache\maven_repository\antlr\antlr\2.7.7\antlr-2.7.7.jar;F:\CodePractice\Apache\maven_repository\com\google\code\gson\gson\2.8.6\gson-2.8.6.jar;F:\CodePractice\Apache\maven_repository\org\apache\commons\commons-math\2.2\commons-math-2.2.jar;F:\CodePractice\Apache\maven_repository\com\netflix\archaius\archaius-core\0.7.6\archaius-core-0.7.6.jar;F:\CodePractice\Apache\maven_repository\javax\ws\rs\jsr311-api\1.1.1\jsr311-api-1.1.1.jar;F:\CodePractice\Apache\maven_repository\com\netflix\servo\servo-core\0.12.21\servo-core-0.12.21.jar;F:\CodePractice\Apache\maven_repository\com\sun\jersey\jersey-core\1.19.1\jersey-core-1.19.1.jar;F:\CodePractice\Apache\maven_repository\com\sun\jersey\jersey-client\1.19.1\jersey-client-1.19.1.jar;F:\CodePractice\Apache\maven_repository\com\sun\jersey\contribs\jersey-apache-client4\1.19.1\jersey-apache-client4-1.19.1.jar;F:\CodePractice\Apache\maven_repository\org\apache\httpcomponents\httpclient\4.5.10\httpclient-4.5.10.jar;F:\CodePractice\Apache\maven_repository\org\apache\httpcomponents\httpcore\4.4.13\httpcore-4.4.13.jar;F:\CodePractice\Apache\maven_repository\commons-codec\commons-codec\1.11\commons-codec-1.11.jar;F:\CodePractice\Apache\maven_repository\com\google\inject\guice\4.1.0\guice-4.1.0.jar;F:\CodePractice\Apache\maven_repository\javax\inject\javax.inject\1\javax.inject-1.jar;F:\CodePractice\Apache\maven_repository\aopalliance\aopalliance\1.0\aopalliance-1.0.jar;F:\CodePractice\Apache\maven_repository\com\fasterxml\jackson\core\jackson-annotations\2.9.10\jackson-annotations-2.9.10.jar;F:\CodePractice\Apache\maven_repository\com\fasterxml\jackson\core\jackson-core\2.9.10\jackson-core-2.9.10.jar;F:\CodePractice\Apache\maven_repository\com\netflix\eureka\eureka-core\1.9.13\eureka-core-1.9.13.jar;F:\CodePractice\Apache\maven_repository\com\fasterxml\woodstox\woodstox-core\5.0.3\woodstox-core-5.0.3.jar;F:\CodePractice\Apache\maven_repository\org\codehaus\woodstox\stax2-api\3.1.4\stax2-api-3.1.4.jar;F:\CodePractice\Apache\maven_repository\org\springframework\cloud\spring-cloud-starter-netflix-archaius\2.1.5.RELEASE\spring-cloud-starter-netflix-archaius-2.1.5.RELEASE.jar;F:\CodePractice\Apache\maven_repository\org\springframework\cloud\spring-cloud-netflix-ribbon\2.1.5.RELEASE\spring-cloud-netflix-ribbon-2.1.5.RELEASE.jar;F:\CodePractice\Apache\maven_repository\org\springframework\cloud\spring-cloud-netflix-archaius\2.1.5.RELEASE\spring-cloud-netflix-archaius-2.1.5.RELEASE.jar;F:\CodePractice\Apache\maven_repository\commons-configuration\commons-configuration\1.8\commons-configuration-1.8.jar;F:\CodePractice\Apache\maven_repository\commons-lang\commons-lang\2.6\commons-lang-2.6.jar;F:\CodePractice\Apache\maven_repository\org\springframework\cloud\spring-cloud-starter-netflix-ribbon\2.1.5.RELEASE\spring-cloud-starter-netflix-ribbon-2.1.5.RELEASE.jar;F:\CodePractice\Apache\maven_repository\com\netflix\ribbon\ribbon\2.3.0\ribbon-2.3.0.jar;F:\CodePractice\Apache\maven_repository\com\netflix\ribbon\ribbon-transport\2.3.0\ribbon-transport-2.3.0.jar;F:\CodePractice\Apache\maven_repository\io\reactivex\rxnetty-contexts\0.4.9\rxnetty-contexts-0.4.9.jar;F:\CodePractice\Apache\maven_repository\io\reactivex\rxnetty-servo\0.4.9\rxnetty-servo-0.4.9.jar;F:\CodePractice\Apache\maven_repository\io\reactivex\rxnetty\0.4.9\rxnetty-0.4.9.jar;F:\CodePractice\Apache\maven_repository\com\netflix\ribbon\ribbon-core\2.3.0\ribbon-core-2.3.0.jar;F:\CodePractice\Apache\maven_repository\com\netflix\ribbon\ribbon-httpclient\2.3.0\ribbon-httpclient-2.3.0.jar;F:\CodePractice\Apache\maven_repository\commons-collections\commons-collections\3.2.2\commons-collections-3.2.2.jar;F:\CodePractice\Apache\maven_repository\com\netflix\netflix-commons\netflix-commons-util\0.3.0\netflix-commons-util-0.3.0.jar;F:\CodePractice\Apache\maven_repository\com\netflix\ribbon\ribbon-loadbalancer\2.3.0\ribbon-loadbalancer-2.3.0.jar;F:\CodePractice\Apache\maven_repository\com\netflix\netflix-commons\netflix-statistics\0.1.1\netflix-statistics-0.1.1.jar;F:\CodePractice\Apache\maven_repository\io\reactivex\rxjava\1.3.8\rxjava-1.3.8.jar;F:\CodePractice\Apache\maven_repository\com\netflix\ribbon\ribbon-eureka\2.3.0\ribbon-eureka-2.3.0.jar;F:\CodePractice\Apache\maven_repository\com\thoughtworks\xstream\xstream\1.4.11.1\xstream-1.4.11.1.jar;F:\CodePractice\Apache\maven_repository\xmlpull\xmlpull\1.1.3.1\xmlpull-1.1.3.1.jar;F:\CodePractice\Apache\maven_repository\xpp3\xpp3_min\1.1.4c\xpp3_min-1.1.4c.jar;F:\CodePractice\Apache\maven_repository\org\springframework\cloud\spring-cloud-starter-openfeign\2.1.5.RELEASE\spring-cloud-starter-openfeign-2.1.5.RELEASE.jar;F:\CodePractice\Apache\maven_repository\org\springframework\cloud\spring-cloud-openfeign-core\2.1.5.RELEASE\spring-cloud-openfeign-core-2.1.5.RELEASE.jar;F:\CodePractice\Apache\maven_repository\io\github\openfeign\form\feign-form-spring\3.8.0\feign-form-spring-3.8.0.jar;F:\CodePractice\Apache\maven_repository\io\github\openfeign\form\feign-form\3.8.0\feign-form-3.8.0.jar;F:\CodePractice\Apache\maven_repository\commons-fileupload\commons-fileupload\1.4\commons-fileupload-1.4.jar;F:\CodePractice\Apache\maven_repository\commons-io\commons-io\2.2\commons-io-2.2.jar;F:\CodePractice\Apache\maven_repository\org\springframework\cloud\spring-cloud-commons\2.1.5.RELEASE\spring-cloud-commons-2.1.5.RELEASE.jar;F:\CodePractice\Apache\maven_repository\org\springframework\security\spring-security-crypto\5.1.7.RELEASE\spring-security-crypto-5.1.7.RELEASE.jar;F:\CodePractice\Apache\maven_repository\io\github\openfeign\feign-core\10.4.0\feign-core-10.4.0.jar;F:\CodePractice\Apache\maven_repository\io\github\openfeign\feign-slf4j\10.4.0\feign-slf4j-10.4.0.jar;F:\CodePractice\Apache\maven_repository\io\github\openfeign\feign-hystrix\10.4.0\feign-hystrix-10.4.0.jar;F:\CodePractice\Apache\maven_repository\com\netflix\hystrix\hystrix-core\1.5.18\hystrix-core-1.5.18.jar;F:\CodePractice\Apache\maven_repository\org\hdrhistogram\HdrHistogram\2.1.9\HdrHistogram-2.1.9.jar;F:\CodePractice\Apache\maven_repository\com\google\guava\guava\28.2-jre\guava-28.2-jre.jar;F:\CodePractice\Apache\maven_repository\com\google\guava\failureaccess\1.0.1\failureaccess-1.0.1.jar;F:\CodePractice\Apache\maven_repository\com\google\guava\listenablefuture\9999.0-empty-to-avoid-conflict-with-guava\listenablefuture-9999.0-empty-to-avoid-conflict-with-guava.jar;F:\CodePractice\Apache\maven_repository\com\google\code\findbugs\jsr305\3.0.2\jsr305-3.0.2.jar;F:\CodePractice\Apache\maven_repository\org\checkerframework\checker-qual\2.10.0\checker-qual-2.10.0.jar;F:\CodePractice\Apache\maven_repository\com\google\errorprone\error_prone_annotations\2.3.4\error_prone_annotations-2.3.4.jar;F:\CodePractice\Apache\maven_repository\com\google\j2objc\j2objc-annotations\1.3\j2objc-annotations-1.3.jar;F:\CodePractice\Apache\maven_repository\org\apache\rocketmq\rocketmq-client\4.4.0\rocketmq-client-4.4.0.jar;F:\CodePractice\Apache\maven_repository\org\apache\rocketmq\rocketmq-common\4.4.0\rocketmq-common-4.4.0.jar;F:\CodePractice\Apache\maven_repository\org\apache\rocketmq\rocketmq-remoting\4.4.0\rocketmq-remoting-4.4.0.jar;F:\CodePractice\Apache\maven_repository\com\alibaba\fastjson\1.2.51\fastjson-1.2.51.jar;F:\CodePractice\Apache\maven_repository\io\netty\netty-all\4.1.45.Final\netty-all-4.1.45.Final.jar;F:\CodePractice\Apache\maven_repository\org\apache\rocketmq\rocketmq-logging\4.4.0\rocketmq-logging-4.4.0.jar;F:\CodePractice\Apache\maven_repository\io\netty\netty-tcnative-boringssl-static\2.0.28.Final\netty-tcnative-boringssl-static-2.0.28.Final.jar;F:\CodePractice\Apache\maven_repository\org\apache\commons\commons-lang3\3.8.1\commons-lang3-3.8.1.jar;F:\CodePractice\Apache\maven_repository\org\junit\jupiter\junit-jupiter\5.8.2\junit-jupiter-5.8.2.jar;F:\CodePractice\Apache\maven_repository\org\junit\jupiter\junit-jupiter-api\5.3.2\junit-jupiter-api-5.3.2.jar;F:\CodePractice\Apache\maven_repository\org\apiguardian\apiguardian-api\1.0.0\apiguardian-api-1.0.0.jar;F:\CodePractice\Apache\maven_repository\org\opentest4j\opentest4j\1.1.1\opentest4j-1.1.1.jar;F:\CodePractice\Apache\maven_repository\org\junit\platform\junit-platform-commons\1.3.2\junit-platform-commons-1.3.2.jar;F:\CodePractice\Apache\maven_repository\org\junit\jupiter\junit-jupiter-params\5.3.2\junit-jupiter-params-5.3.2.jar;F:\CodePractice\Apache\maven_repository\org\junit\jupiter\junit-jupiter-engine\5.3.2\junit-jupiter-engine-5.3.2.jar;F:\CodePractice\Apache\maven_repository\org\junit\platform\junit-platform-engine\1.3.2\junit-platform-engine-1.3.2.jar;F:\IdeaProjects\Cloud-Seckill\cloud-seckill-common\target\cloud-seckill-common-0.0.1-SNAPSHOT.jar;F:\CodePractice\Apache\maven_repository\com\google\zxing\core\3.3.0\core-3.3.0.jar;F:\CodePractice\Apache\maven_repository\com\google\zxing\javase\3.3.0\javase-3.3.0.jar;F:\CodePractice\Apache\maven_repository\com\beust\jcommander\1.48\jcommander-1.48.jar;F:\CodePractice\Apache\maven_repository\com\github\jai-imageio\jai-imageio-core\1.3.1\jai-imageio-core-1.3.1.jar;F:\CodePractice\Apache\maven_repository\org\hibernate\hibernate-validator\5.2.4.Final\hibernate-validator-5.2.4.Final.jar;F:\CodePractice\Apache\maven_repository\joda-time\joda-time\2.10.5\joda-time-2.10.5.jar;F:\CodePractice\Apache\maven_repository\io\springfox\springfox-swagger2\2.9.2\springfox-swagger2-2.9.2.jar;F:\CodePractice\Apache\maven_repository\io\swagger\swagger-annotations\1.5.20\swagger-annotations-1.5.20.jar;F:\CodePractice\Apache\maven_repository\io\swagger\swagger-models\1.5.20\swagger-models-1.5.20.jar;F:\CodePractice\Apache\maven_repository\io\springfox\springfox-spi\2.9.2\springfox-spi-2.9.2.jar;F:\CodePractice\Apache\maven_repository\io\springfox\springfox-core\2.9.2\springfox-core-2.9.2.jar;F:\CodePractice\Apache\maven_repository\io\springfox\springfox-schema\2.9.2\springfox-schema-2.9.2.jar;F:\CodePractice\Apache\maven_repository\io\springfox\springfox-swagger-common\2.9.2\springfox-swagger-common-2.9.2.jar;F:\CodePractice\Apache\maven_repository\io\springfox\springfox-spring-web\2.9.2\springfox-spring-web-2.9.2.jar;F:\CodePractice\Apache\maven_repository\com\fasterxml\classmate\1.4.0\classmate-1.4.0.jar;F:\CodePractice\Apache\maven_repository\org\slf4j\slf4j-api\1.7.30\slf4j-api-1.7.30.jar;F:\CodePractice\Apache\maven_repository\org\springframework\plugin\spring-plugin-core\1.2.0.RELEASE\spring-plugin-core-1.2.0.RELEASE.jar;F:\CodePractice\Apache\maven_repository\org\springframework\plugin\spring-plugin-metadata\1.2.0.RELEASE\spring-plugin-metadata-1.2.0.RELEASE.jar;F:\CodePractice\Apache\maven_repository\org\mapstruct\mapstruct\1.2.0.Final\mapstruct-1.2.0.Final.jar;F:\CodePractice\Apache\maven_repository\io\springfox\springfox-swagger-ui\2.9.2\springfox-swagger-ui-2.9.2.jar;F:\CodePractice\Apache\maven_repository\org\springframework\boot\spring-boot-starter\2.1.12.RELEASE\spring-boot-starter-2.1.12.RELEASE.jar;F:\CodePractice\Apache\maven_repository\org\springframework\boot\spring-boot\2.1.12.RELEASE\spring-boot-2.1.12.RELEASE.jar;F:\CodePractice\Apache\maven_repository\org\springframework\boot\spring-boot-autoconfigure\2.1.12.RELEASE\spring-boot-autoconfigure-2.1.12.RELEASE.jar;F:\CodePractice\Apache\maven_repository\org\springframework\boot\spring-boot-starter-logging\2.1.12.RELEASE\spring-boot-starter-logging-2.1.12.RELEASE.jar;F:\CodePractice\Apache\maven_repository\ch\qos\logback\logback-classic\1.2.3\logback-classic-1.2.3.jar;F:\CodePractice\Apache\maven_repository\ch\qos\logback\logback-core\1.2.3\logback-core-1.2.3.jar;F:\CodePractice\Apache\maven_repository\org\apache\logging\log4j\log4j-to-slf4j\2.11.2\log4j-to-slf4j-2.11.2.jar;F:\CodePractice\Apache\maven_repository\org\apache\logging\log4j\log4j-api\2.11.2\log4j-api-2.11.2.jar;F:\CodePractice\Apache\maven_repository\org\slf4j\jul-to-slf4j\1.7.30\jul-to-slf4j-1.7.30.jar;F:\CodePractice\Apache\maven_repository\javax\annotation\javax.annotation-api\1.3.2\javax.annotation-api-1.3.2.jar;F:\CodePractice\Apache\maven_repository\org\springframework\spring-core\5.1.13.RELEASE\spring-core-5.1.13.RELEASE.jar;F:\CodePractice\Apache\maven_repository\org\yaml\snakeyaml\1.23\snakeyaml-1.23.jar;F:\CodePractice\Apache\maven_repository\org\projectlombok\lombok\1.18.10\lombok-1.18.10.jar;F:\CodePractice\Apache\maven_repository\org\springframework\boot\spring-boot-starter-test\2.1.12.RELEASE\spring-boot-starter-test-2.1.12.RELEASE.jar;F:\CodePractice\Apache\maven_repository\org\springframework\boot\spring-boot-test\2.1.12.RELEASE\spring-boot-test-2.1.12.RELEASE.jar;F:\CodePractice\Apache\maven_repository\org\springframework\boot\spring-boot-test-autoconfigure\2.1.12.RELEASE\spring-boot-test-autoconfigure-2.1.12.RELEASE.jar;F:\CodePractice\Apache\maven_repository\com\jayway\jsonpath\json-path\2.4.0\json-path-2.4.0.jar;F:\CodePractice\Apache\maven_repository\net\minidev\json-smart\2.3\json-smart-2.3.jar;F:\CodePractice\Apache\maven_repository\net\minidev\accessors-smart\1.2\accessors-smart-1.2.jar;F:\CodePractice\Apache\maven_repository\org\ow2\asm\asm\5.0.4\asm-5.0.4.jar;F:\CodePractice\Apache\maven_repository\junit\junit\4.12\junit-4.12.jar;F:\CodePractice\Apache\maven_repository\org\assertj\assertj-core\3.11.1\assertj-core-3.11.1.jar;F:\CodePractice\Apache\maven_repository\org\mockito\mockito-core\2.23.4\mockito-core-2.23.4.jar;F:\CodePractice\Apache\maven_repository\net\bytebuddy\byte-buddy\1.9.16\byte-buddy-1.9.16.jar;F:\CodePractice\Apache\maven_repository\net\bytebuddy\byte-buddy-agent\1.9.16\byte-buddy-agent-1.9.16.jar;F:\CodePractice\Apache\maven_repository\org\objenesis\objenesis\2.6\objenesis-2.6.jar;F:\CodePractice\Apache\maven_repository\org\hamcrest\hamcrest-core\1.3\hamcrest-core-1.3.jar;F:\CodePractice\Apache\maven_repository\org\hamcrest\hamcrest-library\1.3\hamcrest-library-1.3.jar;F:\CodePractice\Apache\maven_repository\org\skyscreamer\jsonassert\1.5.0\jsonassert-1.5.0.jar;F:\CodePractice\Apache\maven_repository\com\vaadin\external\google\android-json\0.0.20131108.vaadin1\android-json-0.0.20131108.vaadin1.jar;F:\CodePractice\Apache\maven_repository\org\springframework\spring-test\5.1.13.RELEASE\spring-test-5.1.13.RELEASE.jar;F:\CodePractice\Apache\maven_repository\org\xmlunit\xmlunit-core\2.6.3\xmlunit-core-2.6.3.jar;"/>
    <property name="sun.cpu.endian" value="little"/>
    <property name="user.home" value="C:\Users\PC"/>
    <property name="user.language" value="zh"/>
    <property name="java.specification.vendor" value="Oracle Corporation"/>
    <property name="java.home" value="C:\Program Files\Java\jdk1.8.0_241\jre"/>
    <property name="basedir" value="F:\IdeaProjects\Cloud-Seckill\cloud-seckill-order"/>
    <property name="file.separator" value="\"/>
    <property name="line.separator" value="&#10;"/>
    <property name="java.vm.specification.vendor" value="Oracle Corporation"/>
    <property name="java.specification.name" value="Java Platform API Specification"/>
    <property name="java.awt.graphicsenv" value="sun.awt.Win32GraphicsEnvironment"/>
    <property name="idea.version2020.1.1" value="true"/>
    <property name="surefire.real.class.path" value="C:\Users\PC\AppData\Local\Temp\surefire6706883982558944734\surefirebooter6934674691869406334.jar"/>
    <property name="sun.boot.class.path" value="C:\Program Files\Java\jdk1.8.0_241\jre\lib\resources.jar;C:\Program Files\Java\jdk1.8.0_241\jre\lib\rt.jar;C:\Program Files\Java\jdk1.8.0_241\jre\lib\sunrsasign.jar;C:\Program Files\Java\jdk1.8.0_241\jre\lib\jsse.jar;C:\Program Files\Java\jdk1.8.0_241\jre\lib\jce.jar;C:\Program Files\Java\jdk1.8.0_241\jre\lib\charsets.jar;C:\Program Files\Java\jdk1.8.0_241\jre\lib\jfr.jar;C:\Program Files\Java\jdk1.8.0_241\jre\classes"/>
    <property name="user.script" value=""/>
    <property name="sun.management.compiler" value="HotSpot 64-Bit Tiered Compilers"/>
    <property name="java.runtime.version" value="1.8.0_241-b07"/>
    <property name="user.name" value="PC"/>
    <property name="path.separator" value=";"/>
    <property name="os.version" value="10.0"/>
    <property name="java.endorsed.dirs" value="C:\Program Files\Java\jdk1.8.0_241\jre\lib\endorsed"/>
    <property name="java.runtime.name" value="Java(TM) SE Runtime Environment"/>
    <property name="file.encoding" value="GBK"/>
    <property name="java.vm.name" value="Java HotSpot(TM) 64-Bit Server VM"/>
    <property name="localRepository" value="F:\CodePractice\Apache\maven_repository"/>
    <property name="java.vendor.url.bug" value="http://bugreport.sun.com/bugreport/"/>
    <property name="java.io.tmpdir" value="C:\Users\PC\AppData\Local\Temp\"/>
    <property name="java.version" value="1.8.0_241"/>
    <property name="user.dir" value="F:\IdeaProjects\Cloud-Seckill\cloud-seckill-order"/>
    <property name="os.arch" value="amd64"/>
    <property name="java.vm.specification.name" value="Java Virtual Machine Specification"/>
    <property name="java.awt.printerjob" value="sun.awt.windows.WPrinterJob"/>
    <property name="sun.os.patch.level" value=""/>
    <property name="java.library.path" value="C:\Program Files\Java\jdk1.8.0_241\jre\bin;C:\WINDOWS\Sun\Java\bin;C:\WINDOWS\system32;C:\WINDOWS;C:\Program Files (x86)\VMware\VMware Workstation\bin\;C:\Program Files (x86)\Common Files\Oracle\Java\javapath;C:\WINDOWS\system32;C:\WINDOWS;C:\WINDOWS\System32\Wbem;C:\WINDOWS\System32\WindowsPowerShell\v1.0\;C:\WINDOWS\System32\OpenSSH\;C:\Program Files\Java\jdk1.8.0_241\bin;C:\Program Files\CameraLink\Serial;C:\Program Files\Microsoft SQL Server\130\Tools\Binn\;F:\CodePractice\Apache\apache-maven-3.6.3\bin;C:\Program Files\dotnet\;C:\Program Files\Git\cmd;F:\CodePractice\MySQL\bin;F:\CodePractice\Apache\apache-tomcat-8.5.72\bin;F:\CodePractice\node\;F:\CodePractice\python27;F:\CodePractice\erl-24.2\bin;C:\Users\PC\AppData\Local\Microsoft\WindowsApps;C:\Users\PC\.dotnet\tools;C:\Users\PC\AppData\Local\Programs\Microsoft VS Code\bin;F:\CodePractice\node\node_global;C:\Users\PC\AppData\Roaming\npm;;."/>
    <property name="java.vm.info" value="mixed mode"/>
    <property name="java.vendor" value="Oracle Corporation"/>
    <property name="java.vm.version" value="25.241-b07"/>
    <property name="java.ext.dirs" value="C:\Program Files\Java\jdk1.8.0_241\jre\lib\ext;C:\WINDOWS\Sun\Java\lib\ext"/>
    <property name="sun.io.unicode.encoding" value="UnicodeLittle"/>
    <property name="maven.repo.local" value="F:\CodePractice\Apache\maven_repository"/>
    <property name="java.class.version" value="52.0"/>
  </properties>
  <testcase name="testStockLog" classname="com.ao.cloud.seckill.order.OrderApplicationTest" time="0.172"/>
</testsuite>